{"C:\\projetos\\api_node\\api-clean-code-tdd\\src\\presentation\\helps\\http-response.js": {"path":"C:\\projetos\\api_node\\api-clean-code-tdd\\src\\presentation\\helps\\http-response.js","all":false,"statementMap":{"0":{"start":{"line":1,"column":0},"end":{"line":1,"column":46}},"1":{"start":{"line":2,"column":0},"end":{"line":2,"column":57}},"2":{"start":{"line":3,"column":0},"end":{"line":3,"column":0}},"3":{"start":{"line":4,"column":0},"end":{"line":4,"column":37}},"4":{"start":{"line":5,"column":0},"end":{"line":5,"column":29}},"5":{"start":{"line":6,"column":0},"end":{"line":6,"column":12}},"6":{"start":{"line":7,"column":0},"end":{"line":7,"column":22}},"7":{"start":{"line":8,"column":0},"end":{"line":8,"column":17}},"8":{"start":{"line":9,"column":0},"end":{"line":9,"column":5}},"9":{"start":{"line":10,"column":0},"end":{"line":10,"column":3}},"10":{"start":{"line":11,"column":0},"end":{"line":11,"column":0}},"11":{"start":{"line":12,"column":0},"end":{"line":12,"column":34}},"12":{"start":{"line":13,"column":0},"end":{"line":13,"column":12}},"13":{"start":{"line":14,"column":0},"end":{"line":14,"column":22}},"14":{"start":{"line":15,"column":0},"end":{"line":15,"column":29}},"15":{"start":{"line":16,"column":0},"end":{"line":16,"column":5}},"16":{"start":{"line":17,"column":0},"end":{"line":17,"column":3}},"17":{"start":{"line":18,"column":0},"end":{"line":18,"column":0}},"18":{"start":{"line":19,"column":0},"end":{"line":19,"column":40}},"19":{"start":{"line":20,"column":0},"end":{"line":20,"column":12}},"20":{"start":{"line":21,"column":0},"end":{"line":21,"column":22}},"21":{"start":{"line":22,"column":0},"end":{"line":22,"column":35}},"22":{"start":{"line":23,"column":0},"end":{"line":23,"column":5}},"23":{"start":{"line":24,"column":0},"end":{"line":24,"column":3}},"24":{"start":{"line":25,"column":0},"end":{"line":25,"column":0}},"25":{"start":{"line":26,"column":0},"end":{"line":26,"column":20}},"26":{"start":{"line":27,"column":0},"end":{"line":27,"column":12}},"27":{"start":{"line":28,"column":0},"end":{"line":28,"column":22}},"28":{"start":{"line":29,"column":0},"end":{"line":29,"column":16}},"29":{"start":{"line":30,"column":0},"end":{"line":30,"column":0}},"30":{"start":{"line":31,"column":0},"end":{"line":31,"column":5}},"31":{"start":{"line":32,"column":0},"end":{"line":32,"column":3}},"32":{"start":{"line":33,"column":0},"end":{"line":33,"column":1}}},"s":{"0":1,"1":1,"2":1,"3":1,"4":1,"5":3,"6":3,"7":3,"8":3,"9":3,"10":1,"11":1,"12":7,"13":7,"14":7,"15":7,"16":7,"17":1,"18":1,"19":1,"20":1,"21":1,"22":1,"23":1,"24":1,"25":1,"26":4,"27":4,"28":4,"29":4,"30":4,"31":4,"32":1},"branchMap":{"0":{"type":"branch","line":5,"loc":{"start":{"line":5,"column":9},"end":{"line":10,"column":3}},"locations":[{"start":{"line":5,"column":9},"end":{"line":10,"column":3}}]},"1":{"type":"branch","line":12,"loc":{"start":{"line":12,"column":9},"end":{"line":17,"column":3}},"locations":[{"start":{"line":12,"column":9},"end":{"line":17,"column":3}}]},"2":{"type":"branch","line":19,"loc":{"start":{"line":19,"column":9},"end":{"line":24,"column":3}},"locations":[{"start":{"line":19,"column":9},"end":{"line":24,"column":3}}]},"3":{"type":"branch","line":26,"loc":{"start":{"line":26,"column":9},"end":{"line":32,"column":3}},"locations":[{"start":{"line":26,"column":9},"end":{"line":32,"column":3}}]}},"b":{"0":[3],"1":[7],"2":[1],"3":[4]},"fnMap":{"0":{"name":"badRequest","decl":{"start":{"line":5,"column":9},"end":{"line":10,"column":3}},"loc":{"start":{"line":5,"column":9},"end":{"line":10,"column":3}},"line":5},"1":{"name":"serverError","decl":{"start":{"line":12,"column":9},"end":{"line":17,"column":3}},"loc":{"start":{"line":12,"column":9},"end":{"line":17,"column":3}},"line":12},"2":{"name":"unauthorizedError","decl":{"start":{"line":19,"column":9},"end":{"line":24,"column":3}},"loc":{"start":{"line":19,"column":9},"end":{"line":24,"column":3}},"line":19},"3":{"name":"ok","decl":{"start":{"line":26,"column":9},"end":{"line":32,"column":3}},"loc":{"start":{"line":26,"column":9},"end":{"line":32,"column":3}},"line":26}},"f":{"0":3,"1":7,"2":1,"3":4}}
,"C:\\projetos\\api_node\\api-clean-code-tdd\\src\\presentation\\helps\\invalid-param-error.js": {"path":"C:\\projetos\\api_node\\api-clean-code-tdd\\src\\presentation\\helps\\invalid-param-error.js","all":false,"statementMap":{"0":{"start":{"line":1,"column":0},"end":{"line":1,"column":56}},"1":{"start":{"line":2,"column":0},"end":{"line":2,"column":27}},"2":{"start":{"line":3,"column":0},"end":{"line":3,"column":39}},"3":{"start":{"line":4,"column":0},"end":{"line":4,"column":34}},"4":{"start":{"line":5,"column":0},"end":{"line":5,"column":3}},"5":{"start":{"line":6,"column":0},"end":{"line":6,"column":1}}},"s":{"0":1,"1":1,"2":2,"3":2,"4":2,"5":1},"branchMap":{"0":{"type":"branch","line":2,"loc":{"start":{"line":2,"column":2},"end":{"line":5,"column":3}},"locations":[{"start":{"line":2,"column":2},"end":{"line":5,"column":3}}]}},"b":{"0":[2]},"fnMap":{"0":{"name":"InvalidParamError","decl":{"start":{"line":2,"column":2},"end":{"line":5,"column":3}},"loc":{"start":{"line":2,"column":2},"end":{"line":5,"column":3}},"line":2}},"f":{"0":2}}
,"C:\\projetos\\api_node\\api-clean-code-tdd\\src\\presentation\\helps\\missing-param-error.js": {"path":"C:\\projetos\\api_node\\api-clean-code-tdd\\src\\presentation\\helps\\missing-param-error.js","all":false,"statementMap":{"0":{"start":{"line":1,"column":0},"end":{"line":1,"column":56}},"1":{"start":{"line":2,"column":0},"end":{"line":2,"column":27}},"2":{"start":{"line":3,"column":0},"end":{"line":3,"column":40}},"3":{"start":{"line":4,"column":0},"end":{"line":4,"column":35}},"4":{"start":{"line":5,"column":0},"end":{"line":5,"column":3}},"5":{"start":{"line":6,"column":0},"end":{"line":6,"column":1}}},"s":{"0":1,"1":1,"2":4,"3":4,"4":4,"5":1},"branchMap":{"0":{"type":"branch","line":2,"loc":{"start":{"line":2,"column":2},"end":{"line":5,"column":3}},"locations":[{"start":{"line":2,"column":2},"end":{"line":5,"column":3}}]}},"b":{"0":[4]},"fnMap":{"0":{"name":"MissingParamError","decl":{"start":{"line":2,"column":2},"end":{"line":5,"column":3}},"loc":{"start":{"line":2,"column":2},"end":{"line":5,"column":3}},"line":2}},"f":{"0":4}}
,"C:\\projetos\\api_node\\api-clean-code-tdd\\src\\presentation\\helps\\server-error .js": {"path":"C:\\projetos\\api_node\\api-clean-code-tdd\\src\\presentation\\helps\\server-error .js","all":false,"statementMap":{"0":{"start":{"line":1,"column":0},"end":{"line":1,"column":50}},"1":{"start":{"line":2,"column":0},"end":{"line":2,"column":18}},"2":{"start":{"line":3,"column":0},"end":{"line":3,"column":34}},"3":{"start":{"line":4,"column":0},"end":{"line":4,"column":29}},"4":{"start":{"line":5,"column":0},"end":{"line":5,"column":3}},"5":{"start":{"line":6,"column":0},"end":{"line":6,"column":1}}},"s":{"0":1,"1":1,"2":12,"3":12,"4":12,"5":1},"branchMap":{"0":{"type":"branch","line":2,"loc":{"start":{"line":2,"column":2},"end":{"line":5,"column":3}},"locations":[{"start":{"line":2,"column":2},"end":{"line":5,"column":3}}]}},"b":{"0":[12]},"fnMap":{"0":{"name":"ServerError","decl":{"start":{"line":2,"column":2},"end":{"line":5,"column":3}},"loc":{"start":{"line":2,"column":2},"end":{"line":5,"column":3}},"line":2}},"f":{"0":12}}
,"C:\\projetos\\api_node\\api-clean-code-tdd\\src\\presentation\\helps\\unauthorized-error.js": {"path":"C:\\projetos\\api_node\\api-clean-code-tdd\\src\\presentation\\helps\\unauthorized-error.js","all":false,"statementMap":{"0":{"start":{"line":1,"column":0},"end":{"line":1,"column":56}},"1":{"start":{"line":2,"column":0},"end":{"line":2,"column":18}},"2":{"start":{"line":3,"column":0},"end":{"line":3,"column":25}},"3":{"start":{"line":4,"column":0},"end":{"line":4,"column":35}},"4":{"start":{"line":5,"column":0},"end":{"line":5,"column":3}},"5":{"start":{"line":6,"column":0},"end":{"line":6,"column":1}}},"s":{"0":1,"1":1,"2":2,"3":2,"4":2,"5":1},"branchMap":{"0":{"type":"branch","line":2,"loc":{"start":{"line":2,"column":2},"end":{"line":5,"column":3}},"locations":[{"start":{"line":2,"column":2},"end":{"line":5,"column":3}}]}},"b":{"0":[2]},"fnMap":{"0":{"name":"UnauthorizedError","decl":{"start":{"line":2,"column":2},"end":{"line":5,"column":3}},"loc":{"start":{"line":2,"column":2},"end":{"line":5,"column":3}},"line":2}},"f":{"0":2}}
,"C:\\projetos\\api_node\\api-clean-code-tdd\\src\\presentation\\router\\login-router.js": {"path":"C:\\projetos\\api_node\\api-clean-code-tdd\\src\\presentation\\router\\login-router.js","all":false,"statementMap":{"0":{"start":{"line":1,"column":0},"end":{"line":1,"column":54}},"1":{"start":{"line":2,"column":0},"end":{"line":2,"column":65}},"2":{"start":{"line":3,"column":0},"end":{"line":3,"column":65}},"3":{"start":{"line":4,"column":0},"end":{"line":4,"column":0}},"4":{"start":{"line":5,"column":0},"end":{"line":5,"column":36}},"5":{"start":{"line":6,"column":0},"end":{"line":6,"column":45}},"6":{"start":{"line":7,"column":0},"end":{"line":7,"column":34}},"7":{"start":{"line":8,"column":0},"end":{"line":8,"column":40}},"8":{"start":{"line":9,"column":0},"end":{"line":9,"column":3}},"9":{"start":{"line":10,"column":0},"end":{"line":10,"column":0}},"10":{"start":{"line":11,"column":0},"end":{"line":11,"column":29}},"11":{"start":{"line":12,"column":0},"end":{"line":12,"column":9}},"12":{"start":{"line":13,"column":0},"end":{"line":13,"column":50}},"13":{"start":{"line":14,"column":0},"end":{"line":14,"column":19}},"14":{"start":{"line":15,"column":0},"end":{"line":15,"column":70}},"15":{"start":{"line":16,"column":0},"end":{"line":16,"column":7}},"16":{"start":{"line":17,"column":0},"end":{"line":17,"column":0}},"17":{"start":{"line":18,"column":0},"end":{"line":18,"column":48}},"18":{"start":{"line":19,"column":0},"end":{"line":19,"column":70}},"19":{"start":{"line":20,"column":0},"end":{"line":20,"column":7}},"20":{"start":{"line":21,"column":0},"end":{"line":21,"column":0}},"21":{"start":{"line":22,"column":0},"end":{"line":22,"column":22}},"22":{"start":{"line":23,"column":0},"end":{"line":23,"column":73}},"23":{"start":{"line":24,"column":0},"end":{"line":24,"column":7}},"24":{"start":{"line":25,"column":0},"end":{"line":25,"column":0}},"25":{"start":{"line":26,"column":0},"end":{"line":26,"column":70}},"26":{"start":{"line":27,"column":0},"end":{"line":27,"column":25}},"27":{"start":{"line":28,"column":0},"end":{"line":28,"column":47}},"28":{"start":{"line":29,"column":0},"end":{"line":29,"column":7}},"29":{"start":{"line":30,"column":0},"end":{"line":30,"column":0}},"30":{"start":{"line":31,"column":0},"end":{"line":31,"column":45}},"31":{"start":{"line":32,"column":0},"end":{"line":32,"column":21}},"32":{"start":{"line":33,"column":0},"end":{"line":33,"column":26}},"33":{"start":{"line":34,"column":0},"end":{"line":34,"column":39}},"34":{"start":{"line":35,"column":0},"end":{"line":35,"column":5}},"35":{"start":{"line":36,"column":0},"end":{"line":36,"column":3}},"36":{"start":{"line":37,"column":0},"end":{"line":37,"column":1}}},"s":{"0":1,"1":1,"2":1,"3":1,"4":1,"5":1,"6":15,"7":15,"8":15,"9":1,"10":1,"11":15,"12":15,"13":15,"14":1,"15":1,"16":12,"17":15,"18":1,"19":1,"20":6,"21":15,"22":1,"23":1,"24":5,"25":5,"26":15,"27":1,"28":1,"29":4,"30":4,"31":15,"32":7,"33":7,"34":7,"35":15,"36":1},"branchMap":{"0":{"type":"branch","line":6,"loc":{"start":{"line":6,"column":2},"end":{"line":9,"column":3}},"locations":[{"start":{"line":6,"column":2},"end":{"line":9,"column":3}}]},"1":{"type":"branch","line":11,"loc":{"start":{"line":11,"column":2},"end":{"line":36,"column":3}},"locations":[{"start":{"line":11,"column":2},"end":{"line":36,"column":3}}]},"2":{"type":"branch","line":14,"loc":{"start":{"line":14,"column":18},"end":{"line":16,"column":7}},"locations":[{"start":{"line":14,"column":18},"end":{"line":16,"column":7}}]},"3":{"type":"branch","line":16,"loc":{"start":{"line":16,"column":6},"end":{"line":18,"column":47}},"locations":[{"start":{"line":16,"column":6},"end":{"line":18,"column":47}}]},"4":{"type":"branch","line":18,"loc":{"start":{"line":18,"column":47},"end":{"line":20,"column":7}},"locations":[{"start":{"line":18,"column":47},"end":{"line":20,"column":7}}]},"5":{"type":"branch","line":20,"loc":{"start":{"line":20,"column":6},"end":{"line":22,"column":21}},"locations":[{"start":{"line":20,"column":6},"end":{"line":22,"column":21}}]},"6":{"type":"branch","line":22,"loc":{"start":{"line":22,"column":21},"end":{"line":24,"column":7}},"locations":[{"start":{"line":22,"column":21},"end":{"line":24,"column":7}}]},"7":{"type":"branch","line":24,"loc":{"start":{"line":24,"column":6},"end":{"line":27,"column":24}},"locations":[{"start":{"line":24,"column":6},"end":{"line":27,"column":24}}]},"8":{"type":"branch","line":27,"loc":{"start":{"line":27,"column":24},"end":{"line":29,"column":7}},"locations":[{"start":{"line":27,"column":24},"end":{"line":29,"column":7}}]},"9":{"type":"branch","line":29,"loc":{"start":{"line":29,"column":6},"end":{"line":32,"column":6}},"locations":[{"start":{"line":29,"column":6},"end":{"line":32,"column":6}}]},"10":{"type":"branch","line":32,"loc":{"start":{"line":32,"column":6},"end":{"line":35,"column":5}},"locations":[{"start":{"line":32,"column":6},"end":{"line":35,"column":5}}]}},"b":{"0":[15],"1":[15],"2":[1],"3":[12],"4":[1],"5":[6],"6":[1],"7":[5],"8":[1],"9":[4],"10":[7]},"fnMap":{"0":{"name":"LoginRouter","decl":{"start":{"line":6,"column":2},"end":{"line":9,"column":3}},"loc":{"start":{"line":6,"column":2},"end":{"line":9,"column":3}},"line":6},"1":{"name":"route","decl":{"start":{"line":11,"column":2},"end":{"line":36,"column":3}},"loc":{"start":{"line":11,"column":2},"end":{"line":36,"column":3}},"line":11}},"f":{"0":15,"1":15}}
}
