{"C:\\projetos\\api_node\\api-clean-code-tdd\\src\\presentation\\error\\index.js": {"path":"C:\\projetos\\api_node\\api-clean-code-tdd\\src\\presentation\\error\\index.js","statementMap":{"0":{"start":{"line":1,"column":26},"end":{"line":1,"column":58}},"1":{"start":{"line":2,"column":26},"end":{"line":2,"column":58}},"2":{"start":{"line":3,"column":20},"end":{"line":3,"column":45}},"3":{"start":{"line":4,"column":26},"end":{"line":4,"column":57}},"4":{"start":{"line":6,"column":0},"end":{"line":11,"column":1}}},"fnMap":{},"branchMap":{},"s":{"0":1,"1":1,"2":1,"3":1,"4":1},"f":{},"b":{},"_coverageSchema":"1a1c01bbd47fc00a2c39e90264f33305004495a9","hash":"42d61116a5ad954e7cfd4d204a84687b7f71e1d9"}
,"C:\\projetos\\api_node\\api-clean-code-tdd\\src\\presentation\\error\\invalid-param-error.js": {"path":"C:\\projetos\\api_node\\api-clean-code-tdd\\src\\presentation\\error\\invalid-param-error.js","statementMap":{"0":{"start":{"line":1,"column":0},"end":{"line":6,"column":1}},"1":{"start":{"line":3,"column":4},"end":{"line":3,"column":39}},"2":{"start":{"line":4,"column":4},"end":{"line":4,"column":34}}},"fnMap":{"0":{"name":"(anonymous_0)","decl":{"start":{"line":2,"column":2},"end":{"line":2,"column":3}},"loc":{"start":{"line":2,"column":26},"end":{"line":5,"column":3}},"line":2}},"branchMap":{},"s":{"0":1,"1":2,"2":2},"f":{"0":2},"b":{},"_coverageSchema":"1a1c01bbd47fc00a2c39e90264f33305004495a9","hash":"9d2c5b81339387c0c93f971f4600476063f82957"}
,"C:\\projetos\\api_node\\api-clean-code-tdd\\src\\presentation\\error\\missing-param-error.js": {"path":"C:\\projetos\\api_node\\api-clean-code-tdd\\src\\presentation\\error\\missing-param-error.js","statementMap":{"0":{"start":{"line":1,"column":0},"end":{"line":6,"column":1}},"1":{"start":{"line":3,"column":4},"end":{"line":3,"column":40}},"2":{"start":{"line":4,"column":4},"end":{"line":4,"column":35}}},"fnMap":{"0":{"name":"(anonymous_0)","decl":{"start":{"line":2,"column":2},"end":{"line":2,"column":3}},"loc":{"start":{"line":2,"column":26},"end":{"line":5,"column":3}},"line":2}},"branchMap":{},"s":{"0":1,"1":4,"2":4},"f":{"0":4},"b":{},"_coverageSchema":"1a1c01bbd47fc00a2c39e90264f33305004495a9","hash":"6dfa024bfdd5c31ff690a2ff9d2a3b3a9ec6d44b"}
,"C:\\projetos\\api_node\\api-clean-code-tdd\\src\\presentation\\error\\server-error.js": {"path":"C:\\projetos\\api_node\\api-clean-code-tdd\\src\\presentation\\error\\server-error.js","statementMap":{"0":{"start":{"line":1,"column":0},"end":{"line":6,"column":1}},"1":{"start":{"line":3,"column":4},"end":{"line":3,"column":34}},"2":{"start":{"line":4,"column":4},"end":{"line":4,"column":29}}},"fnMap":{"0":{"name":"(anonymous_0)","decl":{"start":{"line":2,"column":2},"end":{"line":2,"column":3}},"loc":{"start":{"line":2,"column":17},"end":{"line":5,"column":3}},"line":2}},"branchMap":{},"s":{"0":1,"1":12,"2":12},"f":{"0":12},"b":{},"_coverageSchema":"1a1c01bbd47fc00a2c39e90264f33305004495a9","hash":"681b0a93e3ac9f0138107fa5fad73f268222fc12"}
,"C:\\projetos\\api_node\\api-clean-code-tdd\\src\\presentation\\error\\unauthorized-error.js": {"path":"C:\\projetos\\api_node\\api-clean-code-tdd\\src\\presentation\\error\\unauthorized-error.js","statementMap":{"0":{"start":{"line":1,"column":0},"end":{"line":6,"column":1}},"1":{"start":{"line":3,"column":4},"end":{"line":3,"column":25}},"2":{"start":{"line":4,"column":4},"end":{"line":4,"column":35}}},"fnMap":{"0":{"name":"(anonymous_0)","decl":{"start":{"line":2,"column":2},"end":{"line":2,"column":3}},"loc":{"start":{"line":2,"column":17},"end":{"line":5,"column":3}},"line":2}},"branchMap":{},"s":{"0":1,"1":2,"2":2},"f":{"0":2},"b":{},"_coverageSchema":"1a1c01bbd47fc00a2c39e90264f33305004495a9","hash":"9c444d8f8657f00fd9af31e0925d68fed56f53b9"}
,"C:\\projetos\\api_node\\api-clean-code-tdd\\src\\presentation\\helps\\http-response.js": {"path":"C:\\projetos\\api_node\\api-clean-code-tdd\\src\\presentation\\helps\\http-response.js","statementMap":{"0":{"start":{"line":1,"column":43},"end":{"line":1,"column":62}},"1":{"start":{"line":3,"column":0},"end":{"line":32,"column":1}},"2":{"start":{"line":5,"column":4},"end":{"line":8,"column":5}},"3":{"start":{"line":12,"column":4},"end":{"line":15,"column":5}},"4":{"start":{"line":19,"column":4},"end":{"line":22,"column":5}},"5":{"start":{"line":26,"column":4},"end":{"line":30,"column":5}}},"fnMap":{"0":{"name":"(anonymous_0)","decl":{"start":{"line":4,"column":2},"end":{"line":4,"column":3}},"loc":{"start":{"line":4,"column":28},"end":{"line":9,"column":3}},"line":4},"1":{"name":"(anonymous_1)","decl":{"start":{"line":11,"column":2},"end":{"line":11,"column":3}},"loc":{"start":{"line":11,"column":33},"end":{"line":16,"column":3}},"line":11},"2":{"name":"(anonymous_2)","decl":{"start":{"line":18,"column":2},"end":{"line":18,"column":3}},"loc":{"start":{"line":18,"column":39},"end":{"line":23,"column":3}},"line":18},"3":{"name":"(anonymous_3)","decl":{"start":{"line":25,"column":2},"end":{"line":25,"column":3}},"loc":{"start":{"line":25,"column":19},"end":{"line":31,"column":3}},"line":25}},"branchMap":{},"s":{"0":1,"1":1,"2":3,"3":7,"4":1,"5":4},"f":{"0":3,"1":7,"2":1,"3":4},"b":{},"_coverageSchema":"1a1c01bbd47fc00a2c39e90264f33305004495a9","hash":"d6c80d8d24e79dda13b202082eb54b6c591c3bc1"}
,"C:\\projetos\\api_node\\api-clean-code-tdd\\src\\presentation\\router\\login-router.js": {"path":"C:\\projetos\\api_node\\api-clean-code-tdd\\src\\presentation\\router\\login-router.js","statementMap":{"0":{"start":{"line":1,"column":21},"end":{"line":1,"column":54}},"1":{"start":{"line":2,"column":49},"end":{"line":2,"column":68}},"2":{"start":{"line":4,"column":0},"end":{"line":36,"column":1}},"3":{"start":{"line":6,"column":4},"end":{"line":6,"column":34}},"4":{"start":{"line":7,"column":4},"end":{"line":7,"column":40}},"5":{"start":{"line":11,"column":4},"end":{"line":34,"column":5}},"6":{"start":{"line":12,"column":34},"end":{"line":12,"column":50}},"7":{"start":{"line":13,"column":6},"end":{"line":15,"column":7}},"8":{"start":{"line":14,"column":8},"end":{"line":14,"column":70}},"9":{"start":{"line":17,"column":6},"end":{"line":19,"column":7}},"10":{"start":{"line":18,"column":8},"end":{"line":18,"column":70}},"11":{"start":{"line":21,"column":6},"end":{"line":23,"column":7}},"12":{"start":{"line":22,"column":8},"end":{"line":22,"column":73}},"13":{"start":{"line":25,"column":26},"end":{"line":25,"column":70}},"14":{"start":{"line":26,"column":6},"end":{"line":28,"column":7}},"15":{"start":{"line":27,"column":8},"end":{"line":27,"column":47}},"16":{"start":{"line":30,"column":6},"end":{"line":30,"column":45}},"17":{"start":{"line":32,"column":6},"end":{"line":32,"column":26}},"18":{"start":{"line":33,"column":6},"end":{"line":33,"column":39}}},"fnMap":{"0":{"name":"(anonymous_0)","decl":{"start":{"line":5,"column":2},"end":{"line":5,"column":3}},"loc":{"start":{"line":5,"column":44},"end":{"line":8,"column":3}},"line":5},"1":{"name":"(anonymous_1)","decl":{"start":{"line":10,"column":2},"end":{"line":10,"column":3}},"loc":{"start":{"line":10,"column":28},"end":{"line":35,"column":3}},"line":10}},"branchMap":{"0":{"loc":{"start":{"line":13,"column":6},"end":{"line":15,"column":7}},"type":"if","locations":[{"start":{"line":13,"column":6},"end":{"line":15,"column":7}},{"start":{},"end":{}}],"line":13},"1":{"loc":{"start":{"line":17,"column":6},"end":{"line":19,"column":7}},"type":"if","locations":[{"start":{"line":17,"column":6},"end":{"line":19,"column":7}},{"start":{},"end":{}}],"line":17},"2":{"loc":{"start":{"line":21,"column":6},"end":{"line":23,"column":7}},"type":"if","locations":[{"start":{"line":21,"column":6},"end":{"line":23,"column":7}},{"start":{},"end":{}}],"line":21},"3":{"loc":{"start":{"line":26,"column":6},"end":{"line":28,"column":7}},"type":"if","locations":[{"start":{"line":26,"column":6},"end":{"line":28,"column":7}},{"start":{},"end":{}}],"line":26}},"s":{"0":1,"1":1,"2":1,"3":15,"4":15,"5":15,"6":15,"7":13,"8":1,"9":12,"10":1,"11":6,"12":1,"13":5,"14":5,"15":1,"16":4,"17":7,"18":7},"f":{"0":15,"1":15},"b":{"0":[1,12],"1":[1,6],"2":[1,5],"3":[1,4]},"_coverageSchema":"1a1c01bbd47fc00a2c39e90264f33305004495a9","hash":"610e91ff64afd06eb51e0dcc44886672a33dcddc"}
}
