TN:
SF:src\presentation\error\index.js
FNF:0
FNH:0
DA:1,1
DA:2,1
DA:3,1
DA:4,1
DA:6,1
LF:5
LH:5
BRF:0
BRH:0
end_of_record
TN:
SF:src\presentation\router\login-router.js
FN:5,(anonymous_0)
FN:10,(anonymous_1)
FNF:2
FNH:2
FNDA:15,(anonymous_0)
FNDA:15,(anonymous_1)
DA:1,1
DA:2,1
DA:4,1
DA:6,15
DA:7,15
DA:11,15
DA:12,15
DA:13,13
DA:14,1
DA:17,12
DA:18,1
DA:21,6
DA:22,1
DA:25,5
DA:26,5
DA:27,1
DA:30,4
DA:32,7
DA:33,7
LF:19
LH:19
BRDA:13,0,0,1
BRDA:13,0,1,12
BRDA:17,1,0,1
BRDA:17,1,1,6
BRDA:21,2,0,1
BRDA:21,2,1,5
BRDA:26,3,0,1
BRDA:26,3,1,4
BRF:8
BRH:8
end_of_record
